===== Sat 11/07/2026 10:01:59.55 ===== 
[slicer-upload] Args:    ["--log","C:\\Users\\ALEKSA~1\\AppData\\Local\\Temp/orcaslicer_model/Mon_Jul_06/12_15_54#11156#57/Metadata\\.11156.6.gcode.pp"]
[slicer-upload] Server:  http://localhost:3000
[slicer-upload] Resolved: C:\Users\ALEKSA~1\AppData\Local\Temp\orcaslicer_model\Mon_Jul_06\12_15_54#11156#57\Metadata\.11156.6.gcode.pp
[slicer-upload] Received: .11156.6.gcode.pp  (ext: .pp)
[slicer-upload] .pp metadata file — reading for export path...
[slicer-upload] .pp file size: 12550196 bytes
[slicer-upload] .pp file content (first 4KB):
; HEADER_BLOCK_START
; generated by OrcaSlicer 2.4.1 on 2026-07-09 at 15:50:56
; total layer number: 1250
; filament_density: 1.24
; filament_diameter: 1.75
; max_z_height: 250.00
; filament: 1
; HEADER_BLOCK_END

; THUMBNAIL_BLOCK_START

;
; thumbnail begin 96x96 1544
; iVBORw0KGgoAAAANSUhEUgAAAGAAAABgCAYAAADimHc4AAAETElEQVR4Ae2cvy80QRjHp6UhoUQ0Qi
; GhJBSnIKG6UiKSS0R0XCskGiVR+J2QQ6HQnERUIheFQiROggo5UWgU/oR936eYN/uOvd2Z/TXzzD6f
; 5PsPfOc885ndsYwRBEEQfkxOThYeHh5qJycn5aampmZGpMPQ0FAOiv/+/nZ4KpVKtbe3t58RyQEFw6
; /dXbw7b29vP/BXwYj4gRFTr3gxq6urGzSSEuDu7q4muwgwktrb2zsZER/Ly8uVarXqyC4CjKTx8fE8
; I+JhZmamdHx87Nzc3DhfX18OjaSUGR0dLcICQC4uLpzPz0/pRTg/P6/QSIpIT09Pji8A5PT01Hl+fq
; aRlBYtLS2dR0dHjrgI9/f30iMJFmFubq7IiHCsra3V3AvgHkkq+wKMJNoXQjA/P1/2WgDI2dmZ0kgC
; VYVTNSPk4SZUL3wkqewLNJIUcJuQX66vr0lVk6C7uzsnswCQp6cn6QWg07MkXibklXK5rFQ+qaoC9U
; yIF6/yuIJGUgi8TAgMKI7i6fQsgduEwHriLp5GUgDchOChXFLFk6r6sLS0tJFG8WIy/+4ZfoXiu+C0
; k8l3z/z2g87ixZGUiXfPsPmZVLwYa1U16PaDSbFKVaH4zc3NEobieV5fX52tra0qwwzW4i8vL53t7W
; 3n78n8h2EE5ie24j8+Pv4V7w48o2KYAKXEVDzk6urqV/E8fX19eE7Lra2tnapXS3Tm9va2bvE8IyMj
; uE7K6+vrNXhyqXK1xMTieaanp0sMEwsLC+U0HqaFLR7eOciWD1lcXMRlQrOzs/+92zVhJD0+PioXz4
; POhMbGxopeV0t0jKSXl5fQxaM1IfGWW9jbblHidvk4gsqEGhsbm+O6WqK7eNQm5PdiXfW2W1DqHaLi
; CloTCrrd8P7+Hrn8JItHa0JTU1MbMvd7oqiqistHDToTGh4eLsheslJV1TSLdweVCXV0dPSrLICMqo
; Y5RMUZa0woaCSJqgrWpLN4nomJiRWGiSAT8guUHuX0mkSsNCG/7OzsGFM+xFoTqpf9/X2jFsB6ExJz
; cHBg1AJArDchdw4PD41bgEyYEE+pVDJuATJlQiZuxGRCmoPOhLxezpAJpQiZkGbIhDRDJmQAZEKaIR
; PSDJmQZsiENEMmZABkQpohE9IMmZBmyIQ0QyakGTIhAyAT0gyZkGaimtDe3p5RC0AmpDlkQgakoaEB
; zxdVbDIhdBswB7sJwcaL7tsRbrCaEPriOfl8fgXTAhSLxUpbW5td35GDvWB3d/fHZBOC4ru6unLMVm
; ARwpwLkjYhcHurixdR/R+CpEwInH5gYKDAsgh82kB2JCVhQmiVMk5gJMkaUlwbMRXvgfipmyQWgIoP
; AB5Z+I2ksCZkjcungZ+qqpoQFR8S+ACg10iSNSErD1E6EFU1yISsP0TpQFRVr404c4eotHGrqnsBMn
; 2I0gHsC9yE0H1KzBYGBwcLjCAIgiAIQoU/FjsdMaZwDIQAAAAASUVORK5CYII=
; thumbnail end
; THUMBNAIL_BLOCK_END

; THUMBNAIL_BLOCK_START

;
; thumbnail begin 300x300 5116
; iVBORw0KGgoAAAANSUhEUgAAASwAAAEsCAYAAAB5fY51AAAOwklEQVR4Ae3dz4tWZRsH8Gc7bhJ0qY
; ObykUww0AQ5cJFBLWIWbQIRJgCLTBwNgazEqSNUbiwGvrlpKSLiEaQQjCbXORGcFooBCVjLty08E+Y
; 1/t93yem6Tn3eX6cc577Ps/nA9//oHPldb7Xc6bTAQAAAAAAAAAAAAAm01tvvbX43nvvnXniiSd2dg
; BSFAbVX3/9tdnN5cuX1/bu3buvA5CKMKhu3769sXVYdfPHH388evnll+c7AOP0+uuvLxQNqu05ceLE
; SSsi0LjwL6Z+B5UVERiLZ555ZvbChQurgw4qKyLQmDCozp49uzLKoNo+tMJ7rw5AVcL6VuWg6rUieq
; 8FjCQMkToH1dasra2th3/BdQAGFYZHWNmaGFZWRGBo4V9WTQ+rrXEdD/Qt3EqNa1htXRGdPgClwr9w
; xj2wuitiOErtABTZ/lvAcceKCBR69tln5x8+fJjMwApxHQ/0tGfPntlvv/12M7Wh5Toe6Omjjz569N
; 13323eu3cvqaEVElZWKyLwt9OnT2989dVXm5cuXdq8detWckPLdTzwt2PHjq2GgXX+/Pn/5vr161ZE
; IE0vvvji4taBFbK6urr54MGD5IaW63iYcLOzs/MrKyv/GFghYUVcX19PamhZEWHC7d27d/bcuXP/Gl
; jd3LhxI7kV0Q+oYYK9//77G0UDK+TKlStJroiu42ECvfvuu2vb32P1WhHv3LmT1NAKcR0PE+bNN99c
; KRtY3dy8eTPJFdF1PEyIXk1hjiui0weYAE8//fTBXk2hFRFIzq5du/bFmsLY0Er1Ot6KCC1W1hSWrY
; iu44HGvPPOO6uDvMfannAdn9oPqF3HQ0sN0hTmuCJ6rwUtMmhTGIvreKBWwzSFZSuiH1ADtRi2KSxb
; EVP8AbXTB2iBUZrCHFdEpw+QsVGbwrLTB9fxQGXeeOONlboGVndFdB0PVKLKpjA2tMLpgz8vBoyk6q
; awbEV0HQ8MrY6mMJZw+pDaiuj0ATJSV1NYtiKmNLS6K6L3WpC4OpvCWFL882Ku4yFxdTeFZSuib8cD
; fWuiKYzl4sWLyX31IcTpAyToqaeeaqwpLMoPP/yQ3MDqrohOHyAhU1NTO5tsCnvlwoULSQ6s7oro9A
; ES0nRTuD1ff/11sgOrmxMnTpy0IkICxtUUdvPjjz8mP7BCnD5AAh63YmfGNbDCXVZqTWEst2/f3rAi
; whg9//zzC+MYWCmeNfQT1/EwRo+bsNkmm8IwqFL80N+geVwWrFoRoWFNNYVtGVRb4zoexqDOpjDVTy
; dXFdfx0LC6msLwueSchs8ocR0PDXn11VdPVjmwJmlQbY0PA0IDqmoKw6DKsfmrMq7joWajNoXhczGT
; Pqi2D61w+mBFhBoM2xRevXrVoIrEdTzU5PTp0xv9DqpwopDiZ2FSTDh9eOGFFw52gOocO3astCls4y
; 1VE3EdDxWLfczPoKomTh+gIr2awrYffY4jPgwIFdjeFE7qLVUTcfoAFfjyyy8Nqgbjw4AwpPBS+M8/
; /8zqgW9DnD7AAMKgCh+my+khb1t8GBBKhAfEoEonTh+gh3DEGJqqnB7mScrZs2dXrIhMvPChufAw5P
; TwTmqcPjCxDKo848OATJSwVhhU+cd1PK0X/iPP6aGUeHwYkFYKLVNOD6L0H9fxtEYYVOE/6JweQBlu
; aDl9IFuOPicz/iYiWXH0KU4fSF44+jSopBunDyTJLZXE4vSBJBhU0m+cPjA24T88g0oGyS+//LL59t
; tvr3SgSQaVDJJff/11M3za+uOPP95cWlpa70ATHH3KILl79+7fg2prOlAng0oGye+//775/fff/2tQ
; dbNr1659Haiao08ZJGWDqpuZmRk/36E64W7GoJJ+c//+/b4GVTevvfbamQ6MytGnDJpr1671Pai6OX
; z4sKaQ4YVbqvDbr5weFBlvwonCoIOqG00hQ3H0KYNmlEGlKWQojj5l0IRB1etEYdhoCinlk8QyaG7d
; ulXpoNIU0peDBw/O5
[slicer-upload] Falling back to temp gcode: C:\Users\ALEKSA~1\AppData\Local\Temp\orcaslicer_model\Mon_Jul_06\12_15_54#11156#57\Metadata\.11156.6.gcode
[slicer-upload] Upload:  .11156.6.gcode  (12550196 bytes)
[slicer-upload] POST http://localhost:3000/api/inbox  (12550196 bytes as ".11156.6.gcode")
[slicer-upload] Response: 201 Created
[slicer-upload] SUCCESS — inbox ID 11
